

Microchip MPLAB XC8 Assembler V2.31 build 20201012212115 
                                                                                               Mon Feb 22 20:40:45 2021

Microchip MPLAB XC8 C Compiler v2.31 (Free license) build 20201012212115 Og1 
     1                           	processor	16F887
     2                           	pagewidth 120
     3                           	opt	flic
     4                           	psect	cinit,global,class=CODE,merge=1,delta=2
     5                           	psect	bssCOMMON,global,class=COMMON,space=1,delta=1,noexec
     6                           	psect	cstackCOMMON,global,class=COMMON,space=1,delta=1,noexec
     7                           	psect	maintext,global,class=CODE,split=1,delta=2
     8                           	psect	text1,local,class=CODE,merge=1,delta=2
     9                           	psect	text2,local,class=CODE,merge=1,delta=2,group=1
    10                           	psect	text3,local,class=CODE,merge=1,delta=2
    11                           	psect	text4,local,class=CODE,merge=1,delta=2
    12                           	psect	text5,local,class=CODE,merge=1,delta=2
    13                           	psect	text6,local,class=CODE,merge=1,delta=2
    14                           	psect	intentry,global,class=CODE,delta=2
    15                           	psect	config,global,abs,ovrld,class=CONFIG,space=4,delta=2,noexec
    16                           	dabs	1,0x7E,2
    17  0000                     
    18                           ; Version 2.20
    19                           ; Generated 12/02/2020 GMT
    20                           ; 
    21                           ; Copyright © 2020, Microchip Technology Inc. and its subsidiaries ("Microchip")
    22                           ; All rights reserved.
    23                           ; 
    24                           ; This software is developed by Microchip Technology Inc. and its subsidiaries ("Microch
      +                          ip").
    25                           ; 
    26                           ; Redistribution and use in source and binary forms, with or without modification, are
    27                           ; permitted provided that the following conditions are met:
    28                           ; 
    29                           ;     1. Redistributions of source code must retain the above copyright notice, this lis
      +                          t of
    30                           ;        conditions and the following disclaimer.
    31                           ; 
    32                           ;     2. Redistributions in binary form must reproduce the above copyright notice, this 
      +                          list
    33                           ;        of conditions and the following disclaimer in the documentation and/or other
    34                           ;        materials provided with the distribution.
    35                           ; 
    36                           ;     3. Microchip's name may not be used to endorse or promote products derived from th
      +                          is
    37                           ;        software without specific prior written permission.
    38                           ; 
    39                           ; THIS SOFTWARE IS PROVIDED BY MICROCHIP "AS IS" AND ANY EXPRESS OR IMPLIED WARRANTIES,
    40                           ; INCLUDING, BUT NOT LIMITED TO, THE IMPLIED WARRANTIES OF MERCHANTABILITY AND FITNESS F
      +                          OR
    41                           ; PURPOSE ARE DISCLAIMED.  IN NO EVENT SHALL MICROCHIP BE LIABLE FOR ANY DIRECT, INDIREC
      +                          T,
    42                           ; INCIDENTAL, SPECIAL, EXEMPLARY, OR CONSEQUENTIAL DAMAGES (INCLUDING BUT NOT LIMITED TO
    43                           ; PROCUREMENT OF SUBSTITUTE GOODS OR SERVICES; LOSS OF USE, DATA OR PROFITS; OR BUSINESS
    44                           ; INTERRUPTION) HOWSOEVER CAUSED AND ON ANY THEORY OF LIABILITY, WHETHER IN CONTRACT, ST
      +                          RICT
    45                           ; LIABILITY, OR TORT (INCLUDING NEGLIGENCE OR OTHERWISE) ARISING IN ANY WAY OUT OF THE U
      +                          SE OF
    46                           ; THIS SOFTWARE, EVEN IF ADVISED OF THE POSSIBILITY OF SUCH DAMAGE.
    47                           ; 
    48                           ; 
    49                           ; Code-generator required, PIC16F887 Definitions
    50                           ; 
    51                           ; SFR Addresses
    52  0000                     	;# 
    53  0001                     	;# 
    54  0002                     	;# 
    55  0003                     	;# 
    56  0004                     	;# 
    57  0005                     	;# 
    58  0006                     	;# 
    59  0007                     	;# 
    60  0008                     	;# 
    61  0009                     	;# 
    62  000A                     	;# 
    63  000B                     	;# 
    64  000C                     	;# 
    65  000D                     	;# 
    66  000E                     	;# 
    67  000E                     	;# 
    68  000F                     	;# 
    69  0010                     	;# 
    70  0011                     	;# 
    71  0012                     	;# 
    72  0013                     	;# 
    73  0014                     	;# 
    74  0015                     	;# 
    75  0015                     	;# 
    76  0016                     	;# 
    77  0017                     	;# 
    78  0018                     	;# 
    79  0019                     	;# 
    80  001A                     	;# 
    81  001B                     	;# 
    82  001B                     	;# 
    83  001C                     	;# 
    84  001D                     	;# 
    85  001E                     	;# 
    86  001F                     	;# 
    87  0081                     	;# 
    88  0085                     	;# 
    89  0086                     	;# 
    90  0087                     	;# 
    91  0088                     	;# 
    92  0089                     	;# 
    93  008C                     	;# 
    94  008D                     	;# 
    95  008E                     	;# 
    96  008F                     	;# 
    97  0090                     	;# 
    98  0091                     	;# 
    99  0092                     	;# 
   100  0093                     	;# 
   101  0093                     	;# 
   102  0093                     	;# 
   103  0094                     	;# 
   104  0095                     	;# 
   105  0096                     	;# 
   106  0097                     	;# 
   107  0098                     	;# 
   108  0099                     	;# 
   109  009A                     	;# 
   110  009B                     	;# 
   111  009C                     	;# 
   112  009D                     	;# 
   113  009E                     	;# 
   114  009F                     	;# 
   115  0105                     	;# 
   116  0107                     	;# 
   117  0108                     	;# 
   118  0109                     	;# 
   119  010C                     	;# 
   120  010C                     	;# 
   121  010D                     	;# 
   122  010E                     	;# 
   123  010F                     	;# 
   124  0185                     	;# 
   125  0187                     	;# 
   126  0188                     	;# 
   127  0189                     	;# 
   128  018C                     	;# 
   129  018D                     	;# 
   130  0000                     	;# 
   131  0001                     	;# 
   132  0002                     	;# 
   133  0003                     	;# 
   134  0004                     	;# 
   135  0005                     	;# 
   136  0006                     	;# 
   137  0007                     	;# 
   138  0008                     	;# 
   139  0009                     	;# 
   140  000A                     	;# 
   141  000B                     	;# 
   142  000C                     	;# 
   143  000D                     	;# 
   144  000E                     	;# 
   145  000E                     	;# 
   146  000F                     	;# 
   147  0010                     	;# 
   148  0011                     	;# 
   149  0012                     	;# 
   150  0013                     	;# 
   151  0014                     	;# 
   152  0015                     	;# 
   153  0015                     	;# 
   154  0016                     	;# 
   155  0017                     	;# 
   156  0018                     	;# 
   157  0019                     	;# 
   158  001A                     	;# 
   159  001B                     	;# 
   160  001B                     	;# 
   161  001C                     	;# 
   162  001D                     	;# 
   163  001E                     	;# 
   164  001F                     	;# 
   165  0081                     	;# 
   166  0085                     	;# 
   167  0086                     	;# 
   168  0087                     	;# 
   169  0088                     	;# 
   170  0089                     	;# 
   171  008C                     	;# 
   172  008D                     	;# 
   173  008E                     	;# 
   174  008F                     	;# 
   175  0090                     	;# 
   176  0091                     	;# 
   177  0092                     	;# 
   178  0093                     	;# 
   179  0093                     	;# 
   180  0093                     	;# 
   181  0094                     	;# 
   182  0095                     	;# 
   183  0096                     	;# 
   184  0097                     	;# 
   185  0098                     	;# 
   186  0099                     	;# 
   187  009A                     	;# 
   188  009B                     	;# 
   189  009C                     	;# 
   190  009D                     	;# 
   191  009E                     	;# 
   192  009F                     	;# 
   193  0105                     	;# 
   194  0107                     	;# 
   195  0108                     	;# 
   196  0109                     	;# 
   197  010C                     	;# 
   198  010C                     	;# 
   199  010D                     	;# 
   200  010E                     	;# 
   201  010F                     	;# 
   202  0185                     	;# 
   203  0187                     	;# 
   204  0188                     	;# 
   205  0189                     	;# 
   206  018C                     	;# 
   207  018D                     	;# 
   208  0000                     	;# 
   209  0001                     	;# 
   210  0002                     	;# 
   211  0003                     	;# 
   212  0004                     	;# 
   213  0005                     	;# 
   214  0006                     	;# 
   215  0007                     	;# 
   216  0008                     	;# 
   217  0009                     	;# 
   218  000A                     	;# 
   219  000B                     	;# 
   220  000C                     	;# 
   221  000D                     	;# 
   222  000E                     	;# 
   223  000E                     	;# 
   224  000F                     	;# 
   225  0010                     	;# 
   226  0011                     	;# 
   227  0012                     	;# 
   228  0013                     	;# 
   229  0014                     	;# 
   230  0015                     	;# 
   231  0015                     	;# 
   232  0016                     	;# 
   233  0017                     	;# 
   234  0018                     	;# 
   235  0019                     	;# 
   236  001A                     	;# 
   237  001B                     	;# 
   238  001B                     	;# 
   239  001C                     	;# 
   240  001D                     	;# 
   241  001E                     	;# 
   242  001F                     	;# 
   243  0081                     	;# 
   244  0085                     	;# 
   245  0086                     	;# 
   246  0087                     	;# 
   247  0088                     	;# 
   248  0089                     	;# 
   249  008C                     	;# 
   250  008D                     	;# 
   251  008E                     	;# 
   252  008F                     	;# 
   253  0090                     	;# 
   254  0091                     	;# 
   255  0092                     	;# 
   256  0093                     	;# 
   257  0093                     	;# 
   258  0093                     	;# 
   259  0094                     	;# 
   260  0095                     	;# 
   261  0096                     	;# 
   262  0097                     	;# 
   263  0098                     	;# 
   264  0099                     	;# 
   265  009A                     	;# 
   266  009B                     	;# 
   267  009C                     	;# 
   268  009D                     	;# 
   269  009E                     	;# 
   270  009F                     	;# 
   271  0105                     	;# 
   272  0107                     	;# 
   273  0108                     	;# 
   274  0109                     	;# 
   275  010C                     	;# 
   276  010C                     	;# 
   277  010D                     	;# 
   278  010E                     	;# 
   279  010F                     	;# 
   280  0185                     	;# 
   281  0187                     	;# 
   282  0188                     	;# 
   283  0189                     	;# 
   284  018C                     	;# 
   285  018D                     	;# 
   286  0014                     _SSPCON	set	20
   287  0009                     _PORTEbits	set	9
   288  001F                     _ADCON0bits	set	31
   289  001F                     _ADCON0	set	31
   290  000B                     _INTCONbits	set	11
   291  0009                     _PORTE	set	9
   292  0006                     _PORTB	set	6
   293  0005                     _PORTA	set	5
   294  0013                     _SSPBUF	set	19
   295  000C                     _PIR1bits	set	12
   296  0063                     _SSPIF	set	99
   297  0094                     _SSPSTAT	set	148
   298  009F                     _ADCON1bits	set	159
   299  009F                     _ADCON1	set	159
   300  008C                     _PIE1bits	set	140
   301  0089                     _TRISE	set	137
   302  0087                     _TRISCbits	set	135
   303  0086                     _TRISB	set	134
   304  0085                     _TRISA	set	133
   305  009E                     _ADRESL	set	158
   306  043B                     _TRISC3	set	1083
   307  043D                     _TRISC5	set	1085
   308  0189                     _ANSELH	set	393
   309  0188                     _ANSEL	set	392
   310                           
   311                           	psect	cinit
   312  000F                     start_initialization:	
   313                           ; #config settings
   314                           
   315  000F                     __initialization:
   316                           
   317                           ; Clear objects allocated to COMMON
   318  000F  01F8               	clrf	__pbssCOMMON& (0+127)
   319  0010  01F9               	clrf	(__pbssCOMMON+1)& (0+127)
   320  0011                     end_of_initialization:	
   321                           ;End of C runtime variable initialization code
   322                           
   323  0011                     __end_of__initialization:
   324  0011  0183               	clrf	3
   325  0012  120A  118A  288E   	ljmp	_main	;jump to C main() function
   326                           
   327                           	psect	bssCOMMON
   328  0078                     __pbssCOMMON:
   329  0078                     _Temp:
   330  0078                     	ds	1
   331  0079                     _Test:
   332  0079                     	ds	1
   333                           
   334                           	psect	cstackCOMMON
   335  0070                     __pcstackCOMMON:
   336  0070                     ?_config_adc:
   337  0070                     ?_ADC_Read:	
   338                           ; 1 bytes @ 0x0
   339                           
   340  0070                     ?_Semaforo:	
   341                           ; 1 bytes @ 0x0
   342                           
   343  0070                     ?_isr:	
   344                           ; 1 bytes @ 0x0
   345                           
   346  0070                     ??_isr:	
   347                           ; 1 bytes @ 0x0
   348                           
   349  0070                     ?_setup:	
   350                           ; 1 bytes @ 0x0
   351                           
   352  0070                     ?_main:	
   353                           ; 1 bytes @ 0x0
   354                           
   355                           
   356                           ; 1 bytes @ 0x0
   357  0070                     	ds	4
   358  0074                     ??_config_adc:
   359  0074                     ?_spiInit:	
   360                           ; 1 bytes @ 0x4
   361                           
   362  0074                     ??_ADC_Read:	
   363                           ; 1 bytes @ 0x4
   364                           
   365  0074                     ??_Semaforo:	
   366                           ; 1 bytes @ 0x4
   367                           
   368  0074                     spiInit@sDataSample:	
   369                           ; 1 bytes @ 0x4
   370                           
   371                           
   372                           ; 1 bytes @ 0x4
   373  0074                     	ds	1
   374  0075                     spiInit@sClockIdle:
   375                           
   376                           ; 1 bytes @ 0x5
   377  0075                     	ds	1
   378  0076                     spiInit@sTransmitEdge:
   379                           
   380                           ; 1 bytes @ 0x6
   381  0076                     	ds	1
   382  0077                     ??_spiInit:
   383  0077                     spiInit@sType:	
   384                           ; 1 bytes @ 0x7
   385                           
   386                           
   387                           ; 1 bytes @ 0x7
   388  0077                     	ds	1
   389  0078                     ??_setup:
   390  0078                     ??_main:	
   391                           ; 1 bytes @ 0x8
   392                           
   393                           
   394                           	psect	maintext
   395  008E                     __pmaintext:	
   396                           ; 1 bytes @ 0x8
   397 ;;
   398 ;;Main: autosize = 0, tempsize = 0, incstack = 0, save=0
   399 ;;
   400 ;; *************** function _main *****************
   401 ;; Defined at:
   402 ;;		line 85 in file "Main.c"
   403 ;; Parameters:    Size  Location     Type
   404 ;;		None
   405 ;; Auto vars:     Size  Location     Type
   406 ;;		None
   407 ;; Return value:  Size  Location     Type
   408 ;;                  1    wreg      void 
   409 ;; Registers used:
   410 ;;		wreg, status,2, status,0, pclath, cstack
   411 ;; Tracked objects:
   412 ;;		On entry : B00/0
   413 ;;		On exit  : 0/0
   414 ;;		Unchanged: 0/0
   415 ;; Data sizes:     COMMON   BANK0   BANK1   BANK3   BANK2
   416 ;;      Params:         0       0       0       0       0
   417 ;;      Locals:         0       0       0       0       0
   418 ;;      Temps:          0       0       0       0       0
   419 ;;      Totals:         0       0       0       0       0
   420 ;;Total ram usage:        0 bytes
   421 ;; Hardware stack levels required when called:    3
   422 ;; This function calls:
   423 ;;		_ADC_Read
   424 ;;		_Semaforo
   425 ;;		_setup
   426 ;; This function is called by:
   427 ;;		Startup code after reset
   428 ;; This function uses a non-reentrant model
   429 ;;
   430                           
   431                           
   432                           ;psect for function _main
   433  008E                     _main:
   434  008E                     l834:	
   435                           ;incstack = 0
   436                           ; Regs used in _main: [wreg+status,2+status,0+pclath+cstack]
   437                           
   438                           
   439                           ;Main.c: 86:     setup();
   440  008E  120A  118A  2015  120A  118A  	fcall	_setup
   441  0093                     l836:
   442                           
   443                           ;Main.c: 89:         ADC_Read();
   444  0093  120A  118A  20BF  120A  118A  	fcall	_ADC_Read
   445                           
   446                           ;Main.c: 90:         SSPBUF = Temp;
   447  0098  0878               	movf	_Temp,w
   448  0099  1283               	bcf	3,5	;RP0=0, select bank0
   449  009A  1303               	bcf	3,6	;RP1=0, select bank0
   450  009B  0093               	movwf	19	;volatile
   451  009C                     l838:
   452                           
   453                           ;Main.c: 91:         Semaforo();
   454  009C  120A  118A  203F  120A  118A  	fcall	_Semaforo
   455  00A1                     l840:
   456                           
   457                           ;Main.c: 92:         PORTB = Temp;
   458  00A1  0878               	movf	_Temp,w
   459  00A2  1283               	bcf	3,5	;RP0=0, select bank0
   460  00A3  1303               	bcf	3,6	;RP1=0, select bank0
   461  00A4  0086               	movwf	6	;volatile
   462  00A5  2893               	goto	l836
   463  00A6  120A  118A  280C   	ljmp	start
   464  00A9                     __end_of_main:
   465                           
   466                           	psect	text1
   467  0015                     __ptext1:	
   468 ;; *************** function _setup *****************
   469 ;; Defined at:
   470 ;;		line 59 in file "Main.c"
   471 ;; Parameters:    Size  Location     Type
   472 ;;		None
   473 ;; Auto vars:     Size  Location     Type
   474 ;;		None
   475 ;; Return value:  Size  Location     Type
   476 ;;                  1    wreg      void 
   477 ;; Registers used:
   478 ;;		wreg, status,2, status,0, pclath, cstack
   479 ;; Tracked objects:
   480 ;;		On entry : 0/0
   481 ;;		On exit  : 0/0
   482 ;;		Unchanged: 0/0
   483 ;; Data sizes:     COMMON   BANK0   BANK1   BANK3   BANK2
   484 ;;      Params:         0       0       0       0       0
   485 ;;      Locals:         0       0       0       0       0
   486 ;;      Temps:          0       0       0       0       0
   487 ;;      Totals:         0       0       0       0       0
   488 ;;Total ram usage:        0 bytes
   489 ;; Hardware stack levels used:    1
   490 ;; Hardware stack levels required when called:    2
   491 ;; This function calls:
   492 ;;		_config_adc
   493 ;;		_spiInit
   494 ;; This function is called by:
   495 ;;		_main
   496 ;; This function uses a non-reentrant model
   497 ;;
   498                           
   499                           
   500                           ;psect for function _setup
   501  0015                     _setup:
   502  0015                     l808:	
   503                           ;incstack = 0
   504                           ; Regs used in _setup: [wreg+status,2+status,0+pclath+cstack]
   505                           
   506                           
   507                           ;Main.c: 60:     ANSEL = 0x01;
   508  0015  3001               	movlw	1
   509  0016  1683               	bsf	3,5	;RP0=1, select bank3
   510  0017  1703               	bsf	3,6	;RP1=1, select bank3
   511  0018  0088               	movwf	8	;volatile
   512  0019                     l810:
   513                           
   514                           ;Main.c: 61:     ANSELH = 0x00;
   515  0019  0189               	clrf	9	;volatile
   516  001A                     l812:
   517                           
   518                           ;Main.c: 63:     TRISA = 0x21;
   519  001A  3021               	movlw	33
   520  001B  1683               	bsf	3,5	;RP0=1, select bank1
   521  001C  1303               	bcf	3,6	;RP1=0, select bank1
   522  001D  0085               	movwf	5	;volatile
   523                           
   524                           ;Main.c: 64:     TRISB = 0x00;
   525  001E  0186               	clrf	6	;volatile
   526  001F                     l814:
   527                           
   528                           ;Main.c: 65:     TRISCbits.TRISC3 = 1;
   529  001F  1587               	bsf	7,3	;volatile
   530  0020                     l816:
   531                           
   532                           ;Main.c: 66:     TRISCbits.TRISC4 = 1;
   533  0020  1607               	bsf	7,4	;volatile
   534  0021                     l818:
   535                           
   536                           ;Main.c: 67:     TRISCbits.TRISC5 = 0;
   537  0021  1287               	bcf	7,5	;volatile
   538                           
   539                           ;Main.c: 68:     TRISE = 0x00;
   540  0022  0189               	clrf	9	;volatile
   541                           
   542                           ;Main.c: 70:     PORTA = 0x00;
   543  0023  1283               	bcf	3,5	;RP0=0, select bank0
   544  0024  1303               	bcf	3,6	;RP1=0, select bank0
   545  0025  0185               	clrf	5	;volatile
   546                           
   547                           ;Main.c: 71:     PORTB = 0x00;
   548  0026  0186               	clrf	6	;volatile
   549                           
   550                           ;Main.c: 72:     PORTE = 0x00;
   551  0027  0189               	clrf	9	;volatile
   552  0028                     l820:
   553                           
   554                           ;Main.c: 74:     config_adc();
   555  0028  120A  118A  20D1  120A  118A  	fcall	_config_adc
   556  002D                     l822:
   557                           
   558                           ;Main.c: 75:     spiInit(SPI_SLAVE_SS_EN, SPI_DATA_SAMPLE_MIDDLE, SPI_CLOCK_IDLE_LOW, SP
      +                          I_IDLE_2_ACTIVE);
   559  002D  01F4               	clrf	spiInit@sDataSample
   560  002E  01F5               	clrf	spiInit@sClockIdle
   561  002F  01F6               	clrf	spiInit@sTransmitEdge
   562  0030  3024               	movlw	36
   563  0031  120A  118A  20A9  120A  118A  	fcall	_spiInit
   564  0036                     l824:
   565                           
   566                           ;Main.c: 77:     INTCONbits.GIE = 1;
   567  0036  178B               	bsf	11,7	;volatile
   568  0037                     l826:
   569                           
   570                           ;Main.c: 78:     INTCONbits.PEIE = 1;
   571  0037  170B               	bsf	11,6	;volatile
   572  0038                     l828:
   573                           
   574                           ;Main.c: 79:     PIE1bits.ADIE = 1;
   575  0038  1683               	bsf	3,5	;RP0=1, select bank1
   576  0039  1303               	bcf	3,6	;RP1=0, select bank1
   577  003A  170C               	bsf	12,6	;volatile
   578  003B                     l830:
   579                           
   580                           ;Main.c: 80:     PIR1bits.ADIF = 0;
   581  003B  1283               	bcf	3,5	;RP0=0, select bank0
   582  003C  1303               	bcf	3,6	;RP1=0, select bank0
   583  003D  130C               	bcf	12,6	;volatile
   584  003E                     l62:
   585  003E  0008               	return
   586  003F                     __end_of_setup:
   587                           
   588                           	psect	text2
   589  00A9                     __ptext2:	
   590 ;; *************** function _spiInit *****************
   591 ;; Defined at:
   592 ;;		line 12 in file "spi.c"
   593 ;; Parameters:    Size  Location     Type
   594 ;;  sType           1    wreg     enum E1264
   595 ;;  sDataSample     1    4[COMMON] enum E1272
   596 ;;  sClockIdle      1    5[COMMON] enum E1276
   597 ;;  sTransmitEdg    1    6[COMMON] enum E1280
   598 ;; Auto vars:     Size  Location     Type
   599 ;;  sType           1    7[COMMON] enum E1264
   600 ;; Return value:  Size  Location     Type
   601 ;;                  1    wreg      void 
   602 ;; Registers used:
   603 ;;		wreg, status,2, status,0
   604 ;; Tracked objects:
   605 ;;		On entry : 0/0
   606 ;;		On exit  : 0/0
   607 ;;		Unchanged: 0/0
   608 ;; Data sizes:     COMMON   BANK0   BANK1   BANK3   BANK2
   609 ;;      Params:         3       0       0       0       0
   610 ;;      Locals:         1       0       0       0       0
   611 ;;      Temps:          0       0       0       0       0
   612 ;;      Totals:         4       0       0       0       0
   613 ;;Total ram usage:        4 bytes
   614 ;; Hardware stack levels used:    1
   615 ;; Hardware stack levels required when called:    1
   616 ;; This function calls:
   617 ;;		Nothing
   618 ;; This function is called by:
   619 ;;		_setup
   620 ;; This function uses a non-reentrant model
   621 ;;
   622                           
   623                           
   624                           ;psect for function _spiInit
   625  00A9                     _spiInit:
   626                           
   627                           ;incstack = 0
   628                           ; Regs used in _spiInit: [wreg+status,2+status,0]
   629                           ;spiInit@sType stored from wreg
   630  00A9  00F7               	movwf	spiInit@sType
   631  00AA                     l798:
   632                           
   633                           ;spi.c: 12: void spiInit(Spi_Type sType, Spi_Data_Sample sDataSample, Spi_Clock_Idle sCl
      +                          ockIdle, Spi_Transmit_Edge sTransmitEdge);spi.c: 13: {;spi.c: 14:     TRISC5 = 0;
   634  00AA  1683               	bsf	3,5	;RP0=1, select bank1
   635  00AB  1303               	bcf	3,6	;RP1=0, select bank1
   636  00AC  1287               	bcf	7,5	;volatile
   637                           
   638                           ;spi.c: 15:     if(sType & 0b00000100)
   639  00AD  1D77               	btfss	spiInit@sType,2
   640  00AE  28B0               	goto	u91
   641  00AF  28B1               	goto	u90
   642  00B0                     u91:
   643  00B0  28B5               	goto	l804
   644  00B1                     u90:
   645  00B1                     l800:
   646                           
   647                           ;spi.c: 16:     {;spi.c: 17:         SSPSTAT = sTransmitEdge;
   648  00B1  0876               	movf	spiInit@sTransmitEdge,w
   649  00B2  0094               	movwf	20	;volatile
   650  00B3                     l802:
   651                           
   652                           ;spi.c: 18:         TRISC3 = 1;
   653  00B3  1587               	bsf	7,3	;volatile
   654                           
   655                           ;spi.c: 19:     }
   656  00B4  28B9               	goto	l184
   657  00B5                     l804:
   658                           
   659                           ;spi.c: 21:     {;spi.c: 22:         SSPSTAT = sDataSample | sTransmitEdge;
   660  00B5  0874               	movf	spiInit@sDataSample,w
   661  00B6  0476               	iorwf	spiInit@sTransmitEdge,w
   662  00B7  0094               	movwf	20	;volatile
   663  00B8                     l806:
   664                           
   665                           ;spi.c: 23:         TRISC3 = 0;
   666  00B8  1187               	bcf	7,3	;volatile
   667  00B9                     l184:	
   668                           ;spi.c: 24:     }
   669                           
   670                           
   671                           ;spi.c: 26:     SSPCON = sType | sClockIdle;
   672  00B9  0877               	movf	spiInit@sType,w
   673  00BA  0475               	iorwf	spiInit@sClockIdle,w
   674  00BB  1283               	bcf	3,5	;RP0=0, select bank0
   675  00BC  1303               	bcf	3,6	;RP1=0, select bank0
   676  00BD  0094               	movwf	20	;volatile
   677  00BE                     l185:
   678  00BE  0008               	return
   679  00BF                     __end_of_spiInit:
   680                           
   681                           	psect	text3
   682  00D1                     __ptext3:	
   683 ;; *************** function _config_adc *****************
   684 ;; Defined at:
   685 ;;		line 97 in file "Main.c"
   686 ;; Parameters:    Size  Location     Type
   687 ;;		None
   688 ;; Auto vars:     Size  Location     Type
   689 ;;		None
   690 ;; Return value:  Size  Location     Type
   691 ;;                  1    wreg      void 
   692 ;; Registers used:
   693 ;;		wreg
   694 ;; Tracked objects:
   695 ;;		On entry : 0/0
   696 ;;		On exit  : 0/0
   697 ;;		Unchanged: 0/0
   698 ;; Data sizes:     COMMON   BANK0   BANK1   BANK3   BANK2
   699 ;;      Params:         0       0       0       0       0
   700 ;;      Locals:         0       0       0       0       0
   701 ;;      Temps:          0       0       0       0       0
   702 ;;      Totals:         0       0       0       0       0
   703 ;;Total ram usage:        0 bytes
   704 ;; Hardware stack levels used:    1
   705 ;; Hardware stack levels required when called:    1
   706 ;; This function calls:
   707 ;;		Nothing
   708 ;; This function is called by:
   709 ;;		_setup
   710 ;; This function uses a non-reentrant model
   711 ;;
   712                           
   713                           
   714                           ;psect for function _config_adc
   715  00D1                     _config_adc:
   716  00D1                     l712:	
   717                           ;incstack = 0
   718                           ; Regs used in _config_adc: [wreg]
   719                           
   720                           
   721                           ;Main.c: 98:     ADCON0 = 0b01000001;
   722  00D1  3041               	movlw	65
   723  00D2  1283               	bcf	3,5	;RP0=0, select bank0
   724  00D3  1303               	bcf	3,6	;RP1=0, select bank0
   725  00D4  009F               	movwf	31	;volatile
   726                           
   727                           ;Main.c: 99:     ADCON1 = 0b10001000;
   728  00D5  3088               	movlw	136
   729  00D6  1683               	bsf	3,5	;RP0=1, select bank1
   730  00D7  1303               	bcf	3,6	;RP1=0, select bank1
   731  00D8  009F               	movwf	31	;volatile
   732  00D9                     l714:
   733                           
   734                           ;Main.c: 101:     ADCON1bits.ADFM = 1;
   735  00D9  179F               	bsf	31,7	;volatile
   736  00DA                     l716:
   737                           
   738                           ;Main.c: 103:     ADCON1bits.VCFG0 = 0;
   739  00DA  121F               	bcf	31,4	;volatile
   740  00DB                     l718:
   741                           
   742                           ;Main.c: 104:     ADCON1bits.VCFG1 = 0;
   743  00DB  129F               	bcf	31,5	;volatile
   744  00DC                     l73:
   745  00DC  0008               	return
   746  00DD                     __end_of_config_adc:
   747                           
   748                           	psect	text4
   749  003F                     __ptext4:	
   750 ;; *************** function _Semaforo *****************
   751 ;; Defined at:
   752 ;;		line 122 in file "Main.c"
   753 ;; Parameters:    Size  Location     Type
   754 ;;		None
   755 ;; Auto vars:     Size  Location     Type
   756 ;;		None
   757 ;; Return value:  Size  Location     Type
   758 ;;                  1    wreg      void 
   759 ;; Registers used:
   760 ;;		wreg
   761 ;; Tracked objects:
   762 ;;		On entry : 0/0
   763 ;;		On exit  : 0/0
   764 ;;		Unchanged: 0/0
   765 ;; Data sizes:     COMMON   BANK0   BANK1   BANK3   BANK2
   766 ;;      Params:         0       0       0       0       0
   767 ;;      Locals:         0       0       0       0       0
   768 ;;      Temps:          0       0       0       0       0
   769 ;;      Totals:         0       0       0       0       0
   770 ;;Total ram usage:        0 bytes
   771 ;; Hardware stack levels used:    1
   772 ;; Hardware stack levels required when called:    1
   773 ;; This function calls:
   774 ;;		Nothing
   775 ;; This function is called by:
   776 ;;		_main
   777 ;; This function uses a non-reentrant model
   778 ;;
   779                           
   780                           
   781                           ;psect for function _Semaforo
   782  003F                     _Semaforo:
   783  003F                     l762:	
   784                           ;incstack = 0
   785                           ; Regs used in _Semaforo: [wreg]
   786                           
   787                           
   788                           ;Main.c: 123:     if (Temp < 25)
   789  003F  3019               	movlw	25
   790  0040  0278               	subwf	_Temp,w
   791  0041  1803               	skipnc
   792  0042  2844               	goto	u31
   793  0043  2845               	goto	u30
   794  0044                     u31:
   795  0044  284B               	goto	l766
   796  0045                     u30:
   797  0045                     l764:
   798                           
   799                           ;Main.c: 124:     {;Main.c: 125:         PORTEbits.RE2 = 1;
   800  0045  1283               	bcf	3,5	;RP0=0, select bank0
   801  0046  1303               	bcf	3,6	;RP1=0, select bank0
   802  0047  1509               	bsf	9,2	;volatile
   803                           
   804                           ;Main.c: 126:         PORTEbits.RE1 = 0;
   805  0048  1089               	bcf	9,1	;volatile
   806                           
   807                           ;Main.c: 127:         PORTEbits.RE0 = 0;
   808  0049  1009               	bcf	9,0	;volatile
   809                           
   810                           ;Main.c: 128:     }
   811  004A  2868               	goto	l86
   812  004B                     l766:
   813  004B  301A               	movlw	26
   814  004C  0278               	subwf	_Temp,w
   815  004D  1C03               	skipc
   816  004E  2850               	goto	u41
   817  004F  2851               	goto	u40
   818  0050                     u41:
   819  0050  285D               	goto	l772
   820  0051                     u40:
   821  0051                     l768:
   822  0051  3024               	movlw	36
   823  0052  0278               	subwf	_Temp,w
   824  0053  1803               	skipnc
   825  0054  2856               	goto	u51
   826  0055  2857               	goto	u50
   827  0056                     u51:
   828  0056  285D               	goto	l772
   829  0057                     u50:
   830  0057                     l770:
   831                           
   832                           ;Main.c: 130:     {;Main.c: 131:         PORTEbits.RE2 = 0;
   833  0057  1283               	bcf	3,5	;RP0=0, select bank0
   834  0058  1303               	bcf	3,6	;RP1=0, select bank0
   835  0059  1109               	bcf	9,2	;volatile
   836                           
   837                           ;Main.c: 132:         PORTEbits.RE1 = 1;
   838  005A  1489               	bsf	9,1	;volatile
   839                           
   840                           ;Main.c: 133:         PORTEbits.RE0 = 0;
   841  005B  1009               	bcf	9,0	;volatile
   842                           
   843                           ;Main.c: 134:     }
   844  005C  2868               	goto	l86
   845  005D                     l772:
   846  005D  3025               	movlw	37
   847  005E  0278               	subwf	_Temp,w
   848  005F  1C03               	skipc
   849  0060  2862               	goto	u61
   850  0061  2863               	goto	u60
   851  0062                     u61:
   852  0062  2868               	goto	l86
   853  0063                     u60:
   854  0063                     l774:
   855                           
   856                           ;Main.c: 136:     {;Main.c: 137:         PORTEbits.RE2 = 0;
   857  0063  1283               	bcf	3,5	;RP0=0, select bank0
   858  0064  1303               	bcf	3,6	;RP1=0, select bank0
   859  0065  1109               	bcf	9,2	;volatile
   860                           
   861                           ;Main.c: 138:         PORTEbits.RE1 = 0;
   862  0066  1089               	bcf	9,1	;volatile
   863                           
   864                           ;Main.c: 139:         PORTEbits.RE0 = 1;
   865  0067  1409               	bsf	9,0	;volatile
   866  0068                     l86:	
   867                           ;Main.c: 140:     }
   868                           
   869  0068  0008               	return
   870  0069                     __end_of_Semaforo:
   871                           
   872                           	psect	text5
   873  00BF                     __ptext5:	
   874 ;; *************** function _ADC_Read *****************
   875 ;; Defined at:
   876 ;;		line 108 in file "Main.c"
   877 ;; Parameters:    Size  Location     Type
   878 ;;		None
   879 ;; Auto vars:     Size  Location     Type
   880 ;;		None
   881 ;; Return value:  Size  Location     Type
   882 ;;                  1    wreg      void 
   883 ;; Registers used:
   884 ;;		None
   885 ;; Tracked objects:
   886 ;;		On entry : 0/0
   887 ;;		On exit  : 0/0
   888 ;;		Unchanged: 0/0
   889 ;; Data sizes:     COMMON   BANK0   BANK1   BANK3   BANK2
   890 ;;      Params:         0       0       0       0       0
   891 ;;      Locals:         0       0       0       0       0
   892 ;;      Temps:          0       0       0       0       0
   893 ;;      Totals:         0       0       0       0       0
   894 ;;Total ram usage:        0 bytes
   895 ;; Hardware stack levels used:    1
   896 ;; Hardware stack levels required when called:    1
   897 ;; This function calls:
   898 ;;		Nothing
   899 ;; This function is called by:
   900 ;;		_main
   901 ;; This function uses a non-reentrant model
   902 ;;
   903                           
   904                           
   905                           ;psect for function _ADC_Read
   906  00BF                     _ADC_Read:
   907  00BF                     l758:	
   908                           ;incstack = 0
   909                           ; Regs used in _ADC_Read: []
   910                           
   911                           
   912                           ;Main.c: 109:     if (ADCON0bits.GO_DONE == 0) {
   913  00BF  1283               	bcf	3,5	;RP0=0, select bank0
   914  00C0  1303               	bcf	3,6	;RP1=0, select bank0
   915  00C1  189F               	btfsc	31,1	;volatile
   916  00C2  28C4               	goto	u21
   917  00C3  28C5               	goto	u20
   918  00C4                     u21:
   919  00C4  28D0               	goto	l77
   920  00C5                     u20:
   921  00C5                     l760:
   922  00C5  0000               	nop	;# 
   923  00C6  0000               	nop	;# 
   924  00C7  0000               	nop	;# 
   925  00C8  0000               	nop	;# 
   926  00C9  0000               	nop	;# 
   927  00CA  0000               	nop	;# 
   928  00CB  0000               	nop	;# 
   929  00CC  0000               	nop	;# 
   930                           
   931                           ;Main.c: 118:         ADCON0bits.GO_DONE = 1;
   932  00CD  1283               	bcf	3,5	;RP0=0, select bank0
   933  00CE  1303               	bcf	3,6	;RP1=0, select bank0
   934  00CF  149F               	bsf	31,1	;volatile
   935  00D0                     l77:
   936  00D0  0008               	return
   937  00D1                     __end_of_ADC_Read:
   938                           
   939                           	psect	text6
   940  0069                     __ptext6:	
   941 ;; *************** function _isr *****************
   942 ;; Defined at:
   943 ;;		line 45 in file "Main.c"
   944 ;; Parameters:    Size  Location     Type
   945 ;;		None
   946 ;; Auto vars:     Size  Location     Type
   947 ;;		None
   948 ;; Return value:  Size  Location     Type
   949 ;;                  1    wreg      void 
   950 ;; Registers used:
   951 ;;		wreg, status,2, status,0
   952 ;; Tracked objects:
   953 ;;		On entry : 0/0
   954 ;;		On exit  : 0/0
   955 ;;		Unchanged: 0/0
   956 ;; Data sizes:     COMMON   BANK0   BANK1   BANK3   BANK2
   957 ;;      Params:         0       0       0       0       0
   958 ;;      Locals:         0       0       0       0       0
   959 ;;      Temps:          4       0       0       0       0
   960 ;;      Totals:         4       0       0       0       0
   961 ;;Total ram usage:        4 bytes
   962 ;; Hardware stack levels used:    1
   963 ;; This function calls:
   964 ;;		Nothing
   965 ;; This function is called by:
   966 ;;		Interrupt level 1
   967 ;; This function uses a non-reentrant model
   968 ;;
   969                           
   970                           
   971                           ;psect for function _isr
   972  0069                     _isr:
   973  0069                     i1l776:
   974                           
   975                           ;Main.c: 47:     if (PIR1bits.ADIF) {
   976  0069  1283               	bcf	3,5	;RP0=0, select bank0
   977  006A  1303               	bcf	3,6	;RP1=0, select bank0
   978  006B  1F0C               	btfss	12,6	;volatile
   979  006C  286E               	goto	u7_21
   980  006D  286F               	goto	u7_20
   981  006E                     u7_21:
   982  006E  287D               	goto	i1l784
   983  006F                     u7_20:
   984  006F                     i1l778:
   985                           
   986                           ;Main.c: 48:         PIR1bits.ADIF = 0;
   987  006F  130C               	bcf	12,6	;volatile
   988  0070                     i1l780:
   989                           
   990                           ;Main.c: 49:         Temp = ADRESL;
   991  0070  1683               	bsf	3,5	;RP0=1, select bank1
   992  0071  1303               	bcf	3,6	;RP1=0, select bank1
   993  0072  081E               	movf	30,w	;volatile
   994  0073  00F0               	movwf	??_isr
   995  0074  0870               	movf	??_isr,w
   996  0075  00F8               	movwf	_Temp
   997  0076                     i1l782:
   998                           
   999                           ;Main.c: 50:         Temp = Temp >> 1;
  1000  0076  0878               	movf	_Temp,w
  1001  0077  00F0               	movwf	??_isr
  1002  0078  1003               	clrc
  1003  0079  0C70               	rrf	??_isr,w
  1004  007A  00F1               	movwf	??_isr+1
  1005  007B  0871               	movf	??_isr+1,w
  1006  007C  00F8               	movwf	_Temp
  1007  007D                     i1l784:
  1008                           
  1009                           ;Main.c: 53:     if (SSPIF == 1) {
  1010  007D  1283               	bcf	3,5	;RP0=0, select bank0
  1011  007E  1D8C               	btfss	12,3	;volatile
  1012  007F  2881               	goto	u8_21
  1013  0080  2882               	goto	u8_20
  1014  0081                     u8_21:
  1015  0081  2887               	goto	i1l59
  1016  0082                     u8_20:
  1017  0082                     i1l786:
  1018                           
  1019                           ;Main.c: 54:         Test = SSPBUF;
  1020  0082  0813               	movf	19,w	;volatile
  1021  0083  00F0               	movwf	??_isr
  1022  0084  0870               	movf	??_isr,w
  1023  0085  00F9               	movwf	_Test
  1024  0086                     i1l788:
  1025                           
  1026                           ;Main.c: 55:         SSPIF = 0;
  1027  0086  118C               	bcf	12,3	;volatile
  1028  0087                     i1l59:
  1029  0087  0873               	movf	??_isr+3,w
  1030  0088  008A               	movwf	10
  1031  0089  0E72               	swapf	??_isr+2,w
  1032  008A  0083               	movwf	3
  1033  008B  0EFE               	swapf	btemp,f
  1034  008C  0E7E               	swapf	btemp,w
  1035  008D  0009               	retfie
  1036  008E                     __end_of_isr:
  1037  007E                     btemp	set	126	;btemp
  1038  007E                     wtemp0	set	126
  1039                           
  1040                           	psect	intentry
  1041  0004                     __pintentry:	
  1042                           ;incstack = 0
  1043                           ; Regs used in _isr: [wreg+status,2+status,0]
  1044                           
  1045  0004                     interrupt_function:
  1046  007E                     saved_w	set	btemp
  1047  0004  00FE               	movwf	btemp
  1048  0005  0E03               	swapf	3,w
  1049  0006  00F2               	movwf	??_isr+2
  1050  0007  080A               	movf	10,w
  1051  0008  00F3               	movwf	??_isr+3
  1052  0009  120A  118A  2869   	ljmp	_isr
  1053                           
  1054                           	psect	config
  1055                           
  1056                           ;Config register CONFIG1 @ 0x2007
  1057                           ;	Oscillator Selection bits
  1058                           ;	FOSC = INTRC_NOCLKOUT, INTOSCIO oscillator: I/O function on RA6/OSC2/CLKOUT pin, I/O f
      +                          unction on RA7/OSC1/CLKIN
  1059                           ;	Watchdog Timer Enable bit
  1060                           ;	WDTE = OFF, WDT disabled and can be enabled by SWDTEN bit of the WDTCON register
  1061                           ;	Power-up Timer Enable bit
  1062                           ;	PWRTE = OFF, PWRT disabled
  1063                           ;	RE3/MCLR pin function select bit
  1064                           ;	MCLRE = OFF, RE3/MCLR pin function is digital input, MCLR internally tied to VDD
  1065                           ;	Code Protection bit
  1066                           ;	CP = OFF, Program memory code protection is disabled
  1067                           ;	Data Code Protection bit
  1068                           ;	CPD = OFF, Data memory code protection is disabled
  1069                           ;	Brown Out Reset Selection bits
  1070                           ;	BOREN = OFF, BOR disabled
  1071                           ;	Internal External Switchover bit
  1072                           ;	IESO = OFF, Internal/External Switchover mode is disabled
  1073                           ;	Fail-Safe Clock Monitor Enabled bit
  1074                           ;	FCMEN = OFF, Fail-Safe Clock Monitor is disabled
  1075                           ;	Low Voltage Programming Enable bit
  1076                           ;	LVP = OFF, RB3 pin has digital I/O, HV on MCLR must be used for programming
  1077                           ;	In-Circuit Debugger Mode bit
  1078                           ;	DEBUG = 0x1, unprogrammed default
  1079  2007                     	org	8199
  1080  2007  20D4               	dw	8404
  1081                           
  1082                           ;Config register CONFIG2 @ 0x2008
  1083                           ;	Brown-out Reset Selection bit
  1084                           ;	BOR4V = BOR40V, Brown-out Reset set to 4.0V
  1085                           ;	Flash Program Memory Self Write Enable bits
  1086                           ;	WRT = OFF, Write protection off
  1087  2008                     	org	8200
  1088  2008  3FFF               	dw	16383

Data Sizes:
    Strings     0
    Constant    0
    Data        0
    BSS         2
    Persistent  0
    Stack       0

Auto Spaces:
    Space          Size  Autos    Used
    COMMON           14      8      10
    BANK0            80      0       0
    BANK1            80      0       0
    BANK3            96      0       0
    BANK2            96      0       0

Pointer List with Targets:

    None.

Critical Paths under _main in COMMON

    _setup->_spiInit

Critical Paths under _isr in COMMON

    None.

Critical Paths under _main in BANK0

    None.

Critical Paths under _isr in BANK0

    None.

Critical Paths under _main in BANK1

    None.

Critical Paths under _isr in BANK1

    None.

Critical Paths under _main in BANK3

    None.

Critical Paths under _isr in BANK3

    None.

Critical Paths under _main in BANK2

    None.

Critical Paths under _isr in BANK2

    None.

Call Graph Tables:

 ---------------------------------------------------------------------------------
 (Depth) Function   	        Calls       Base Space   Used Autos Params    Refs
 ---------------------------------------------------------------------------------
 (0) _main                                                 0     0      0     360
                           _ADC_Read
                           _Semaforo
                              _setup
 ---------------------------------------------------------------------------------
 (1) _setup                                                0     0      0     360
                         _config_adc
                            _spiInit
 ---------------------------------------------------------------------------------
 (2) _spiInit                                              4     1      3     360
                                              4 COMMON     4     1      3
 ---------------------------------------------------------------------------------
 (2) _config_adc                                           0     0      0       0
 ---------------------------------------------------------------------------------
 (1) _Semaforo                                             0     0      0       0
 ---------------------------------------------------------------------------------
 (1) _ADC_Read                                             0     0      0       0
 ---------------------------------------------------------------------------------
 Estimated maximum stack depth 2
 ---------------------------------------------------------------------------------
 (Depth) Function   	        Calls       Base Space   Used Autos Params    Refs
 ---------------------------------------------------------------------------------
 (3) _isr                                                  4     4      0       0
                                              0 COMMON     4     4      0
 ---------------------------------------------------------------------------------
 Estimated maximum stack depth 3
 ---------------------------------------------------------------------------------

 Call Graph Graphs:

 _main (ROOT)
   _ADC_Read
   _Semaforo
   _setup
     _config_adc
     _spiInit

 _isr (ROOT)

 Address spaces:
Name               Size   Autos  Total    Cost      Usage
BITCOMMON            E      0       0       0        0.0%
EEDATA             100      0       0       0        0.0%
NULL                 0      0       0       0        0.0%
CODE                 0      0       0       0        0.0%
COMMON               E      8       A       1       71.4%
BITSFR0              0      0       0       1        0.0%
SFR0                 0      0       0       1        0.0%
BITSFR1              0      0       0       2        0.0%
SFR1                 0      0       0       2        0.0%
STACK                0      0       0       2        0.0%
ABS                  0      0       A       3        0.0%
BITBANK0            50      0       0       4        0.0%
BITSFR3              0      0       0       4        0.0%
SFR3                 0      0       0       4        0.0%
BANK0               50      0       0       5        0.0%
BITSFR2              0      0       0       5        0.0%
SFR2                 0      0       0       5        0.0%
BITBANK1            50      0       0       6        0.0%
BANK1               50      0       0       7        0.0%
BITBANK3            60      0       0       8        0.0%
BANK3               60      0       0       9        0.0%
BITBANK2            60      0       0      10        0.0%
BANK2               60      0       0      11        0.0%
DATA                 0      0       A      12        0.0%


Microchip Technology PIC Macro Assembler V2.31 build 20201012212115 
Symbol Table                                                                                   Mon Feb 22 20:40:45 2021

                     l62 003E                       l73 00DC                       l77 00D0  
                     l86 0068                       u20 00C5                       u21 00C4  
                     u30 0045                       u31 0044                       u40 0051  
                     u41 0050                       u50 0057                       u51 0056  
                     u60 0063                       u61 0062                       u90 00B1  
                     u91 00B0                      l184 00B9                      l185 00BE  
                    l712 00D1                      l800 00B1                      l714 00D9  
                    l802 00B3                      l810 0019                      l716 00DA  
                    l804 00B5                      l820 0028                      l812 001A  
                    l718 00DB                      l806 00B8                      l830 003B  
                    l822 002D                      l814 001F                      l760 00C5  
                    l824 0036                      l816 0020                      l808 0015  
                    l840 00A1                      l770 0057                      l762 003F  
                    l826 0037                      l818 0021                      l834 008E  
                    l772 005D                      l764 0045                      l828 0038  
                    l836 0093                      l758 00BF                      l774 0063  
                    l766 004B                      l838 009C                      l768 0051  
                    l798 00AA                      _isr 0069                     ?_isr 0070  
                   i1l59 0087                     u7_20 006F                     u7_21 006E  
                   u8_20 0082                     u8_21 0081                     _Temp 0078  
                   _Test 0079                     _main 008E                     btemp 007E  
       __end_of_ADC_Read 00D1                     start 000C                    ??_isr 0070  
                  ?_main 0070                    _ANSEL 0188                    i1l780 0070  
                  i1l782 0076                    i1l784 007D                    i1l776 0069  
                  i1l786 0082                    i1l778 006F                    i1l788 0086  
                  _PORTA 0005                    _PORTB 0006                    _PORTE 0009  
                  _TRISA 0085                    _TRISB 0086                    _TRISE 0089  
                  _SSPIF 0063                    _setup 0015                    pclath 000A  
        __end_of_spiInit 00BF                    status 0003                    wtemp0 007E  
        __initialization 000F             __end_of_main 00A9                   ??_main 0078  
       __end_of_Semaforo 0069                   _ADCON0 001F                   _ADCON1 009F  
                 _ADRESL 009E                   ?_setup 0070                   _ANSELH 0189  
                 _TRISC3 043B                   _TRISC5 043D                   _SSPBUF 0013  
                 _SSPCON 0014                ?_ADC_Read 0070                   saved_w 007E  
              ??_spiInit 0077  __end_of__initialization 0011           __pcstackCOMMON 0070  
          __end_of_setup 003F               ??_ADC_Read 0074                  ??_setup 0078  
              ?_Semaforo 0070               __pmaintext 008E               __pintentry 0004  
             _config_adc 00D1                  _SSPSTAT 0094               ??_Semaforo 0074  
                __ptext1 0015                  __ptext2 00A9                  __ptext3 00D1  
                __ptext4 003F                  __ptext5 00BF                  __ptext6 0069  
           __size_of_isr 0025                  _spiInit 00A9     end_of_initialization 0011  
              _PORTEbits 0009              ?_config_adc 0070                _TRISCbits 0087  
      __size_of_ADC_Read 0012      start_initialization 000F              __end_of_isr 008E  
    __size_of_config_adc 000C        __size_of_Semaforo 002A              __pbssCOMMON 0078  
              ___latbits 0002                 _ADC_Read 00BF                 ?_spiInit 0074  
         __size_of_setup 002A     spiInit@sTransmitEdge 0076        interrupt_function 0004  
               _PIE1bits 008C       spiInit@sDataSample 0074                 _PIR1bits 000C  
             _ADCON0bits 001F               _ADCON1bits 009F             ??_config_adc 0074  
               _Semaforo 003F       __end_of_config_adc 00DD         __size_of_spiInit 0016  
          __size_of_main 001B             spiInit@sType 0077        spiInit@sClockIdle 0075  
             _INTCONbits 000B                 intlevel1 0000  
